commit 9dc68a4fa97a200bb133d6aada93c79e84781a10
Author: Yennic0302 <yender.yr45@gmail.com>
Date:   Fri Sep 2 23:33:30 2022 -0400

    update finally

commit 616a67a0338beff021b4384eded4f5918d3bb94d
Merge: e7447d3 fa3f5dc
Author: Yennic0302 <yender.yr45@gmail.com>
Date:   Wed Aug 31 15:54:40 2022 -0400

    Merge branch 'html'

commit e7447d35bcd0149334a7e6a15288219816d44e42
Author: Yennic0302 <yender.yr45@gmail.com>
Date:   Wed Aug 31 12:15:24 2022 -0400

    update README in main

commit fa3f5dcbf2d8347dbb1656add641af8c1bc50fb7
Author: Yennic0302 <yender.yr45@gmail.com>
Date:   Wed Aug 31 12:09:30 2022 -0400

    update README.md

commit 5550fe5e2507556341dfe9b461fd1acacc90822a
Author: Yennic0302 <yender.yr45@gmail.com>
Date:   Wed Aug 31 12:02:14 2022 -0400

    update rama html

commit 4f07cb462fd34950f3a1cfddf3c3ed1c688c8d78
Author: Yennic0302 <yender.yr45@gmail.com>
Date:   Wed Aug 31 10:31:47 2022 -0400

    ignorando archivos json

commit a6e233bf96b5447a33ff8caa63ac6334eb74aa67
Author: Yennic 0302 <yender.yr45@gmail.com>
Date:   Tue Aug 30 23:01:09 2022 -0400

    update README

commit 768b9407e73386c209b149ffac55fc4710cb4331
Author: Yennic 0302 <yender.yr45@gmail.com>
Date:   Mon Aug 29 21:59:39 2022 -0400

    update README

commit 30284aa53495d42b46a5b3098b95f67ea3bbf6f0
Author: Yennic 0302 <yender.yr45@gmail.com>
Date:   Mon Aug 29 21:48:15 2022 -0400

    update README github pages  with react

commit abad77106433a92c1a1fa31c08eee6652233666e
Author: Yennic0302 <92332957+Yennic0302@users.noreply.github.com>
Date:   Mon Aug 29 16:51:11 2022 -0400

    create license of MIT

commit 27e180c74ab46c6380ccd7b0fe3888d0df5a2210
Author: Yennic 0302 <yender.yr45@gmail.com>
Date:   Mon Aug 29 16:35:33 2022 -0400

    Correction words of README.md

commit 7c424e1739168180b7053c780e929458eb6488c4
Author: Yennic 0302 <yender.yr45@gmail.com>
Date:   Mon Aug 29 16:33:06 2022 -0400

    update file README.md

commit 4ff65ee45283278c15f2a82e5bf899908906f0e7
Author: Yennic 0302 <yender.yr45@gmail.com>
Date:   Mon Aug 29 14:49:23 2022 -0400

    second comit edit README and edit word 'commit'

commit e1b675f7b26f7000c3c5792c686be2756ee22e21
Author: Yennic 0302 <yender.yr45@gmail.com>
Date:   Mon Aug 29 14:46:36 2022 -0400

    second comit edit README

commit 48e2e5b086defc879aa2c7235ad1c5e0d65ecab0
Author: Yennic 0302 <yender.yr45@gmail.com>
Date:   Mon Aug 29 14:25:07 2022 -0400

    First Commit😁👍
